<?xml version="1.0" encoding="UTF-8"?>
<testsuite name="Navigation Bar" tests="1" skipped="0" failures="1" errors="0" timestamp="2024-02-12T21:21:29" hostname="G900603NT034" time="15.197">
  <properties/>
  <testcase name="Users can select a plan when signing up" classname="Navigation Bar" time="15.197">
    <failure message="java.lang.AssertionError: lists don't have the same size expected [1] but found [3]" type="java.lang.AssertionError">java.lang.AssertionError: lists don't have the same size expected [1] but found [3]
	at org.testng.Assert.fail(Assert.java:111)
	at org.testng.Assert.failNotEquals(Assert.java:1578)
	at org.testng.Assert.assertEqualsImpl(Assert.java:150)
	at org.testng.Assert.assertEquals(Assert.java:132)
	at org.testng.Assert.assertEquals(Assert.java:1419)
	at org.testng.Assert.assertEquals(Assert.java:1383)
	at org.testng.Assert.assertEquals(Assert.java:1630)
	at org.testng.Assert.assertEquals(Assert.java:1606)
	at steps.FreeRangeSteps.validatePlans(FreeRangeSteps.java:40)
	at ✽.I can validate the options in the checkout page(file:///C:/Users/laa0501/Documents/Mientras%20resuelven%20QT%20o%20entregan%20fun/Traer/AutomationExercises/src/test/resources/features/Features.feature:23)
</failure>
  </testcase>
  <system-out><![CDATA[
Scenario: Users can select a plan when signing up      ?[90m# src/test/resources/features/Features.feature:20?[0m
  ?[32mGiven ?[0m?[32mI navigate to Free Range Testers web page?[0m      ?[90m# steps.FreeRangeSteps.iNavigateToFreeRangeTesters()?[0m
  ?[32mWhen ?[0m?[32mI select Elegir Plan?[0m                            ?[90m# steps.FreeRangeSteps.iDecidedToSelectAPlan()?[0m
Resultado esperado: Academia: $16.99 / mes â€¢ 11 productos
Resultado Pagina: Academia: $16.99 / mes • 11 productos
  ?[31mThen ?[0m?[31mI can validate the options in the checkout page?[0m ?[90m# steps.FreeRangeSteps.validatePlans()?[0m
      ?[31mjava.lang.AssertionError: lists don't have the same size expected [1] but found [3]
	at org.testng.Assert.fail(Assert.java:111)
	at org.testng.Assert.failNotEquals(Assert.java:1578)
	at org.testng.Assert.assertEqualsImpl(Assert.java:150)
	at org.testng.Assert.assertEquals(Assert.java:132)
	at org.testng.Assert.assertEquals(Assert.java:1419)
	at org.testng.Assert.assertEquals(Assert.java:1383)
	at org.testng.Assert.assertEquals(Assert.java:1630)
	at org.testng.Assert.assertEquals(Assert.java:1606)
	at steps.FreeRangeSteps.validatePlans(FreeRangeSteps.java:40)
	at âœ½.I can validate the options in the checkout page(file:///C:/Users/laa0501/Documents/Mientras%20resuelven%20QT%20o%20entregan%20fun/Traer/AutomationExercises/src/test/resources/features/Features.feature:23)
?[0m
]]></system-out>
  <system-err><![CDATA[SLF4J(W): No SLF4J providers were found.
SLF4J(W): Defaulting to no-operation (NOP) logger implementation
SLF4J(W): See https://www.slf4j.org/codes.html#noProviders for further details.
]]></system-err>
</testsuite>
